2015.11.03 14:37:25.021 CET INFO: *** SYSTEM START ***
2015.11.03 14:37:25.132 CET WARNING: missing bundle: protege_text -- BundleHelper.<init>()
2015.11.03 14:38:42.188 CET INFO: Loaded 5000 instances: marcus_ProjectKB_Class72022 -- Parser.getInstance()
2015.11.03 14:38:42.208 CET INFO: Set type on 5000 instances: marcus_ProjectKB_Class77753 -- Parser.getInstance()
2015.11.03 14:38:42.453 CET WARNING: no such class: edu.stanford.smi.protegex.owl.jena.JenaKnowledgeBaseFactory -- SystemUtilities.newInstance()
2015.11.03 14:38:42.454 CET SEVERE: Cannot find knowledgebase factory: edu.stanford.smi.protegex.owl.jena.JenaKnowledgeBaseFactory
Please check that you have the required plug-in. -- Project.createDomainKB()
2015.11.03 14:38:42.454 CET INFO: Project load time for file:/D:/SVNRepos/dst-svn/projects/protege-projects/autoritetsregister/autoritetsregister.pprj: 0 sec -- ProjectChooser.loadProject()
2015.11.03 14:39:06.899 CET WARNING: no such class: edu.stanford.smi.protegex.owl.jena.JenaKnowledgeBaseFactory -- SystemUtilities.newInstance()
2015.11.03 14:39:06.899 CET SEVERE: Cannot find knowledgebase factory: edu.stanford.smi.protegex.owl.jena.JenaKnowledgeBaseFactory
Please check that you have the required plug-in. -- Project.createDomainKB()
2015.11.03 14:39:06.899 CET INFO: Project load time for file:/D:/SVNRepos/dst-svn/projects/esis/ontology/ubbont.pprj: 0 sec -- ProjectChooser.loadProject()
2015.11.03 14:41:54.137 CET INFO: *** SYSTEM START ***
2015.11.03 14:41:54.242 CET WARNING: missing bundle: protege_text -- BundleHelper.<init>()
2015.11.03 14:42:03.003 CET SEVERE: Unable to load project from: file:/D:/ProtegeDevel/UBBgYearWidget/examples/newspaper/newspaper.pprj -- Project.getProjectInstancesReader()
2015.11.03 14:42:03.535 CET INFO: Load time for file:\D:\ProtegeDevel\UBBgYearWidget\examples\newspaper\newspaper.pprj = 0 sec (project) + 0 sec (ui) -- ProjectManager$3.run()
2015.11.03 14:42:18.397 CET SEVERE: Error saving project. Classes file name: newspaper.pont. Instances file name: newspaper.pins -- java.io.IOException: Rename of D:\ProtegeDevel\UBBgYearWidget\examples\newspaper\newspaper.pont.tmp to D:\ProtegeDevel\UBBgYearWidget\examples\newspaper\newspaper.pont failed
	at edu.stanford.smi.protege.util.FileUtilities.replaceFile(Unknown Source)
	at edu.stanford.smi.protege.util.FileUtilities.makeTempFilePermanent(Unknown Source)
	at edu.stanford.smi.protege.model.AbstractKnowledgeBaseFactory.makeTempFilePermanent(Unknown Source)
	at edu.stanford.smi.protege.storage.clips.ClipsKnowledgeBaseFactory.saveKnowledgeBase(Unknown Source)
	at edu.stanford.smi.protege.storage.clips.ClipsKnowledgeBaseFactory.saveKnowledgeBase(Unknown Source)
	at edu.stanford.smi.protege.model.Project.saveDomainKB(Unknown Source)
	at edu.stanford.smi.protege.model.Project.save(Unknown Source)
	at edu.stanford.smi.protege.ui.ProjectManager.save(Unknown Source)
	at edu.stanford.smi.protege.ui.ProjectManager.saveProjectRequest(Unknown Source)
	at edu.stanford.smi.protege.ui.ProjectManager.confirmSave(Unknown Source)
	at edu.stanford.smi.protege.ui.ProjectManager.closeProjectRequest(Unknown Source)
	at edu.stanford.smi.protege.ui.ProjectManager.exitApplicationRequest(Unknown Source)
	at edu.stanford.smi.protege.Application$1.windowClosing(Unknown Source)
	at java.awt.Window.processWindowEvent(Window.java:2058)
	at javax.swing.JFrame.processWindowEvent(JFrame.java:297)
	at java.awt.Window.processEvent(Window.java:2017)
	at java.awt.Component.dispatchEventImpl(Component.java:4881)
	at java.awt.Container.dispatchEventImpl(Container.java:2292)
	at java.awt.Window.dispatchEventImpl(Window.java:2739)
	at java.awt.Component.dispatchEvent(Component.java:4703)
	at java.awt.EventQueue.dispatchEventImpl(EventQueue.java:746)
	at java.awt.EventQueue.access$400(EventQueue.java:97)
	at java.awt.EventQueue$3.run(EventQueue.java:697)
	at java.awt.EventQueue$3.run(EventQueue.java:691)
	at java.security.AccessController.doPrivileged(Native Method)
	at java.security.ProtectionDomain$1.doIntersectionPrivilege(ProtectionDomain.java:75)
	at java.security.ProtectionDomain$1.doIntersectionPrivilege(ProtectionDomain.java:86)
	at java.awt.EventQueue$4.run(EventQueue.java:719)
	at java.awt.EventQueue$4.run(EventQueue.java:717)
	at java.security.AccessController.doPrivileged(Native Method)
	at java.security.ProtectionDomain$1.doIntersectionPrivilege(ProtectionDomain.java:75)
	at java.awt.EventQueue.dispatchEvent(EventQueue.java:716)
	at java.awt.EventDispatchThread.pumpOneEventForFilters(EventDispatchThread.java:201)
	at java.awt.EventDispatchThread.pumpEventsForFilter(EventDispatchThread.java:116)
	at java.awt.EventDispatchThread.pumpEventsForHierarchy(EventDispatchThread.java:105)
	at java.awt.EventDispatchThread.pumpEvents(EventDispatchThread.java:101)
	at java.awt.EventDispatchThread.pumpEvents(EventDispatchThread.java:93)
	at java.awt.EventDispatchThread.run(EventDispatchThread.java:82)

2015.11.04 10:05:37.435 CET INFO: *** SYSTEM START ***
2015.11.04 10:05:37.704 CET WARNING: missing bundle: protege_text -- BundleHelper.<init>()
2015.11.04 10:06:02.301 CET INFO: *** SYSTEM START ***
2015.11.04 10:06:02.406 CET WARNING: missing bundle: protege_text -- BundleHelper.<init>()
2015.11.04 10:06:29.276 CET INFO: *** SYSTEM START ***
2015.11.04 10:06:29.386 CET WARNING: missing bundle: protege_text -- BundleHelper.<init>()
